In file included from ../src/bufferutil.cc:15:
../../../../nan/nan.h: In function ‘uint32_t NanUInt32OptionValue(v8::Local<v8::Object>, v8::Handle<v8::String>, uint32_t)’:
../../../../nan/nan.h:234:43: warning: ‘uint32_t v8::Value::Uint32Value() const’ is deprecated: Use maybe version [-Wdeprecated-declarations]
  234 |       ? optionsObj->Get(opt)->Uint32Value()
      |                                           ^
In file included from /home/heath/.cache/node-gyp/10.19.0/include/node/v8.h:26,
                 from ../src/bufferutil.cc:7:
/home/heath/.cache/node-gyp/10.19.0/include/node/v8.h:2477:47: note: declared here
 2477 |   V8_DEPRECATED("Use maybe version", uint32_t Uint32Value() const);
      |                                               ^~~~~~~~~~~
/home/heath/.cache/node-gyp/10.19.0/include/node/v8config.h:324:3: note: in definition of macro ‘V8_DEPRECATED’
  324 |   declarator __attribute__((deprecated(message)))
      |   ^~~~~~~~~~
In file included from ../src/bufferutil.cc:15:
../../../../nan/nan.h: In function ‘v8::Local<v8::Signature> NanNew(v8::Handle<v8::FunctionTemplate>, int, v8::Handle<v8::FunctionTemplate>*)’:
../../../../nan/nan.h:337:64: error: no matching function for call to ‘v8::Signature::New(v8::Isolate*&, v8::Handle<v8::FunctionTemplate>&, int&, v8::Handle<v8::FunctionTemplate>*&)’
  337 |     return v8::Signature::New(nan_isolate, receiver, argc, argv);
      |                                                                ^
In file included from ../src/bufferutil.cc:7:
/home/heath/.cache/node-gyp/10.19.0/include/node/v8.h:6137:27: note: candidate: ‘static v8::Local<v8::Signature> v8::Signature::New(v8::Isolate*, v8::Local<v8::FunctionTemplate>)’
 6137 |   static Local<Signature> New(
      |                           ^~~
/home/heath/.cache/node-gyp/10.19.0/include/node/v8.h:6137:27: note:   candidate expects 2 arguments, 4 provided
In file included from ../src/bufferutil.cc:15:
../../../../nan/nan.h: In function ‘v8::Local<T> NanNew(P, const v8::ScriptOrigin&)’:
../../../../nan/nan.h:392:32: error: ‘CompileUnbound’ is not a member of ‘v8::ScriptCompiler’
  392 |     return v8::ScriptCompiler::CompileUnbound(nan_isolate, &source);
      |                                ^~~~~~~~~~~~~~
../../../../nan/nan.h: In function ‘v8::Local<T> NanNew(P) [with T = v8::UnboundScript; P = v8::Local<v8::String>]’:
../../../../nan/nan.h:400:32: error: ‘CompileUnbound’ is not a member of ‘v8::ScriptCompiler’
  400 |     return v8::ScriptCompiler::CompileUnbound(nan_isolate, &source);
      |                                ^~~~~~~~~~~~~~
../../../../nan/nan.h: In function ‘v8::Local<v8::String> NanNew(v8::String::ExternalStringResource*)’:
../../../../nan/nan.h:405:49: error: cannot convert ‘v8::String::ExternalStringResource*’ to ‘v8::String::ExternalOneByteStringResource*’
  405 |     return v8::String::NewExternal(nan_isolate, resource);
      |                                                 ^~~~~~~~
      |                                                 |
      |                                                 v8::String::ExternalStringResource*
In file included from /home/heath/.cache/node-gyp/10.19.0/include/node/v8.h:26,
                 from ../src/bufferutil.cc:7:
/home/heath/.cache/node-gyp/10.19.0/include/node/v8.h:2862:64: note:   initializing argument 2 of ‘static v8::Local<v8::String> v8::String::NewExternal(v8::Isolate*, v8::String::ExternalOneByteStringResource*)’
 2862 |                                 ExternalOneByteStringResource* resource));
      |                                 ~~~~~~~~~~~~~~~~~~~~~~~~~~~~~~~^~~~~~~~
/home/heath/.cache/node-gyp/10.19.0/include/node/v8config.h:346:48: note: in definition of macro ‘V8_DEPRECATE_SOON’
  346 | #define V8_DEPRECATE_SOON(message, declarator) declarator
      |                                                ^~~~~~~~~~
In file included from ../src/bufferutil.cc:15:
../../../../nan/nan.h: At global scope:
../../../../nan/nan.h:164:21: warning: inline variables are only available with ‘-std=c++17’ or ‘-std=gnu++17’
  164 | # define NAN_INLINE inline __attribute__((always_inline))
      |                     ^~~~~~
../../../../nan/nan.h:408:3: note: in expansion of macro ‘NAN_INLINE’
  408 |   NAN_INLINE v8::Local<v8::String> NanNew(
      |   ^~~~~~~~~~
../../../../nan/nan.h:409:19: warning: ‘always_inline’ attribute ignored [-Wattributes]
  409 |       v8::String::ExternalAsciiStringResource *resource) {
      |                   ^~~~~~~~~~~~~~~~~~~~~~~~~~~
../../../../nan/nan.h:409:19: error: ‘v8::Local<v8::String> NanNew’ redeclared as different kind of entity
../../../../nan/nan.h:403:36: note: previous declaration ‘v8::Local<v8::String> NanNew(v8::String::ExternalStringResource*)’
  403 |   NAN_INLINE v8::Local<v8::String> NanNew(
      |                                    ^~~~~~
../../../../nan/nan.h:409:19: error: ‘ExternalAsciiStringResource’ is not a member of ‘v8::String’
  409 |       v8::String::ExternalAsciiStringResource *resource) {
      |                   ^~~~~~~~~~~~~~~~~~~~~~~~~~~
../../../../nan/nan.h:409:48: error: ‘resource’ was not declared in this scope
  409 |       v8::String::ExternalAsciiStringResource *resource) {
      |                                                ^~~~~~~~
../../../../nan/nan.h: In function ‘v8::Local<T> NanNew(P) [with T = v8::BooleanObject; P = bool]’:
../../../../nan/nan.h:415:40: error: no matching function for call to ‘v8::BooleanObject::New(bool&)’
  415 |     return v8::BooleanObject::New(value).As<v8::BooleanObject>();
      |                                        ^
In file included from ../src/bufferutil.cc:7:
/home/heath/.cache/node-gyp/10.19.0/include/node/v8.h:5035:23: note: candidate: ‘static v8::Local<v8::Value> v8::BooleanObject::New(v8::Isolate*, bool)’
 5035 |   static Local<Value> New(Isolate* isolate, bool value);
      |                       ^~~
/home/heath/.cache/node-gyp/10.19.0/include/node/v8.h:5035:23: note:   candidate expects 2 arguments, 1 provided
In file included from ../src/bufferutil.cc:15:
../../../../nan/nan.h:415:62: error: expected primary-expression before ‘>’ token
  415 |     return v8::BooleanObject::New(value).As<v8::BooleanObject>();
      |                                                              ^
../../../../nan/nan.h:415:64: error: expected primary-expression before ‘)’ token
  415 |     return v8::BooleanObject::New(value).As<v8::BooleanObject>();
      |                                                                ^
../../../../nan/nan.h: At global scope:
../../../../nan/nan.h:427:3: error: redefinition of ‘v8::Local<T> NanNew(P) [with T = v8::StringObject; P = v8::Local<v8::String>]’
  427 |   NanNew<v8::StringObject, v8::Handle<v8::String> >(
      |   ^~~~~~~~~~~~~~~~~~~~~~~~~~~~~~~~~~~~~~~~~~~~~~~~~
../../../../nan/nan.h:420:3: note: ‘v8::Local<T> NanNew(P) [with T = v8::StringObject; P = v8::Local<v8::String>]’ previously declared here
  420 |   NanNew<v8::StringObject, v8::Local<v8::String> >(
      |   ^~~~~~~~~~~~~~~~~~~~~~~~~~~~~~~~~~~~~~~~~~~~~~~~
../../../../nan/nan.h: In function ‘v8::Local<v8::RegExp> NanNew(v8::Handle<v8::String>, v8::RegExp::Flags)’:
../../../../nan/nan.h:440:42: warning: ‘static v8::Local<v8::RegExp> v8::RegExp::New(v8::Local<v8::String>, v8::RegExp::Flags)’ is deprecated: Use maybe version [-Wdeprecated-declarations]
  440 |     return v8::RegExp::New(pattern, flags);
      |                                          ^
In file included from /home/heath/.cache/node-gyp/10.19.0/include/node/v8.h:26,
                 from ../src/bufferutil.cc:7:
/home/heath/.cache/node-gyp/10.19.0/include/node/v8.h:5110:38: note: declared here
 5110 |                        Local<RegExp> New(Local<String> pattern, Flags flags));
      |                                      ^~~
/home/heath/.cache/node-gyp/10.19.0/include/node/v8config.h:324:3: note: in definition of macro ‘V8_DEPRECATED’
  324 |   declarator __attribute__((deprecated(message)))
      |   ^~~~~~~~~~
In file included from ../src/bufferutil.cc:15:
../../../../nan/nan.h: At global scope:
../../../../nan/nan.h:444:36: error: redefinition of ‘template<class T> v8::Local<v8::RegExp> NanNew(v8::Local<v8::String>, v8::RegExp::Flags)’
  444 |   NAN_INLINE v8::Local<v8::RegExp> NanNew(
      |                                    ^~~~~~
../../../../nan/nan.h:438:36: note: ‘template<class T> v8::Local<v8::RegExp> NanNew(v8::Handle<v8::String>, v8::RegExp::Flags)’ previously declared here
  438 |   NAN_INLINE v8::Local<v8::RegExp> NanNew(
      |                                    ^~~~~~
../../../../nan/nan.h: In function ‘v8::Local<v8::RegExp> NanNew(v8::Handle<v8::String>, v8::RegExp::Flags)’:
../../../../nan/nan.h:452:42: warning: ‘static v8::Local<v8::RegExp> v8::RegExp::New(v8::Local<v8::String>, v8::RegExp::Flags)’ is deprecated: Use maybe version [-Wdeprecated-declarations]
  452 |     return v8::RegExp::New(pattern, flags);
      |                                          ^
In file included from /home/heath/.cache/node-gyp/10.19.0/include/node/v8.h:26,
                 from ../src/bufferutil.cc:7:
/home/heath/.cache/node-gyp/10.19.0/include/node/v8.h:5110:38: note: declared here
 5110 |                        Local<RegExp> New(Local<String> pattern, Flags flags));
      |                                      ^~~
/home/heath/.cache/node-gyp/10.19.0/include/node/v8config.h:324:3: note: in definition of macro ‘V8_DEPRECATED’
  324 |   declarator __attribute__((deprecated(message)))
      |   ^~~~~~~~~~
In file included from ../src/bufferutil.cc:15:
../../../../nan/nan.h: At global scope:
../../../../nan/nan.h:456:36: error: redefinition of ‘template<class T, class P> v8::Local<v8::RegExp> NanNew(v8::Local<v8::String>, v8::RegExp::Flags)’
  456 |   NAN_INLINE v8::Local<v8::RegExp> NanNew(
      |                                    ^~~~~~
../../../../nan/nan.h:450:36: note: ‘template<class T, class P> v8::Local<v8::RegExp> NanNew(v8::Handle<v8::String>, v8::RegExp::Flags)’ previously declared here
  450 |   NAN_INLINE v8::Local<v8::RegExp> NanNew(
      |                                    ^~~~~~
../../../../nan/nan.h: In function ‘v8::Local<T> NanNew(P) [with T = v8::Uint32; P = int]’:
../../../../nan/nan.h:463:68: error: no matching function for call to ‘v8::Integer::ToUint32()’
  463 |     return v8::Uint32::NewFromUnsigned(nan_isolate, val)->ToUint32();
      |                                                                    ^
In file included from ../src/bufferutil.cc:7:
/home/heath/.cache/node-gyp/10.19.0/include/node/v8.h:2435:44: note: candidate: ‘v8::MaybeLocal<v8::Uint32> v8::Value::ToUint32(v8::Local<v8::Context>) const’
 2435 |   V8_WARN_UNUSED_RESULT MaybeLocal<Uint32> ToUint32(
      |                                            ^~~~~~~~
/home/heath/.cache/node-gyp/10.19.0/include/node/v8.h:2435:44: note:   candidate expects 1 argument, 0 provided
In file included from ../src/bufferutil.cc:15:
../../../../nan/nan.h: In function ‘v8::Local<T> NanNew(P) [with T = v8::Uint32; P = unsigned int]’:
../../../../nan/nan.h:468:68: error: no matching function for call to ‘v8::Integer::ToUint32()’
  468 |     return v8::Uint32::NewFromUnsigned(nan_isolate, val)->ToUint32();
      |                                                                    ^
In file included from ../src/bufferutil.cc:7:
/home/heath/.cache/node-gyp/10.19.0/include/node/v8.h:2435:44: note: candidate: ‘v8::MaybeLocal<v8::Uint32> v8::Value::ToUint32(v8::Local<v8::Context>) const’
 2435 |   V8_WARN_UNUSED_RESULT MaybeLocal<Uint32> ToUint32(
      |                                            ^~~~~~~~
/home/heath/.cache/node-gyp/10.19.0/include/node/v8.h:2435:44: note:   candidate expects 1 argument, 0 provided
In file included from ../src/bufferutil.cc:15:
../../../../nan/nan.h: In function ‘v8::Local<T> NanNew(P) [with T = v8::Int32; P = int]’:
../../../../nan/nan.h:473:54: error: no matching function for call to ‘v8::Integer::ToInt32()’
  473 |     return v8::Int32::New(nan_isolate, val)->ToInt32();
      |                                                      ^
In file included from ../src/bufferutil.cc:7:
/home/heath/.cache/node-gyp/10.19.0/include/node/v8.h:2437:43: note: candidate: ‘v8::MaybeLocal<v8::Int32> v8::Value::ToInt32(v8::Local<v8::Context>) const’
 2437 |   V8_WARN_UNUSED_RESULT MaybeLocal<Int32> ToInt32(Local<Context> context) const;
      |                                           ^~~~~~~
/home/heath/.cache/node-gyp/10.19.0/include/node/v8.h:2437:43: note:   candidate expects 1 argument, 0 provided
In file included from /home/heath/.cache/node-gyp/10.19.0/include/node/v8.h:26,
                 from ../src/bufferutil.cc:7:
/home/heath/.cache/node-gyp/10.19.0/include/node/v8.h:2450:30: note: candidate: ‘v8::Local<v8::Int32> v8::Value::ToInt32(v8::Isolate*) const’
 2450 |                 Local<Int32> ToInt32(Isolate* isolate) const);
      |                              ^~~~~~~
/home/heath/.cache/node-gyp/10.19.0/include/node/v8config.h:324:3: note: in definition of macro ‘V8_DEPRECATED’
  324 |   declarator __attribute__((deprecated(message)))
      |   ^~~~~~~~~~
/home/heath/.cache/node-gyp/10.19.0/include/node/v8.h:2450:30: note:   candidate expects 1 argument, 0 provided
 2450 |                 Local<Int32> ToInt32(Isolate* isolate) const);
      |                              ^~~~~~~
/home/heath/.cache/node-gyp/10.19.0/include/node/v8config.h:324:3: note: in definition of macro ‘V8_DEPRECATED’
  324 |   declarator __attribute__((deprecated(message)))
      |   ^~~~~~~~~~
In file included from ../src/bufferutil.cc:15:
../../../../nan/nan.h: In function ‘v8::Local<T> NanNew(P) [with T = v8::Int32; P = unsigned int]’:
../../../../nan/nan.h:478:54: error: no matching function for call to ‘v8::Integer::ToInt32()’
  478 |     return v8::Int32::New(nan_isolate, val)->ToInt32();
      |                                                      ^
In file included from ../src/bufferutil.cc:7:
/home/heath/.cache/node-gyp/10.19.0/include/node/v8.h:2437:43: note: candidate: ‘v8::MaybeLocal<v8::Int32> v8::Value::ToInt32(v8::Local<v8::Context>) const’
 2437 |   V8_WARN_UNUSED_RESULT MaybeLocal<Int32> ToInt32(Local<Context> context) const;
      |                                           ^~~~~~~
/home/heath/.cache/node-gyp/10.19.0/include/node/v8.h:2437:43: note:   candidate expects 1 argument, 0 provided
In file included from /home/heath/.cache/node-gyp/10.19.0/include/node/v8.h:26,
                 from ../src/bufferutil.cc:7:
/home/heath/.cache/node-gyp/10.19.0/include/node/v8.h:2450:30: note: candidate: ‘v8::Local<v8::Int32> v8::Value::ToInt32(v8::Isolate*) const’
 2450 |                 Local<Int32> ToInt32(Isolate* isolate) const);
      |                              ^~~~~~~
/home/heath/.cache/node-gyp/10.19.0/include/node/v8config.h:324:3: note: in definition of macro ‘V8_DEPRECATED’
  324 |   declarator __attribute__((deprecated(message)))
      |   ^~~~~~~~~~
/home/heath/.cache/node-gyp/10.19.0/include/node/v8.h:2450:30: note:   candidate expects 1 argument, 0 provided
 2450 |                 Local<Int32> ToInt32(Isolate* isolate) const);
      |                              ^~~~~~~
/home/heath/.cache/node-gyp/10.19.0/include/node/v8config.h:324:3: note: in definition of macro ‘V8_DEPRECATED’
  324 |   declarator __attribute__((deprecated(message)))
      |   ^~~~~~~~~~
In file included from ../src/bufferutil.cc:15:
../../../../nan/nan.h: In function ‘v8::Local<T> NanNew(P, int) [with T = v8::String; P = unsigned char*]’:
../../../../nan/nan.h:521:21: error: cannot convert ‘v8::String::NewStringType’ to ‘v8::NewStringType’
  521 |       , v8::String::kNormalString
      |         ~~~~~~~~~~~~^~~~~~~~~~~~~
      |                     |
      |                     v8::String::NewStringType
In file included from ../src/bufferutil.cc:7:
/home/heath/.cache/node-gyp/10.19.0/include/node/v8.h:2803:64: note:   initializing argument 3 of ‘static v8::MaybeLocal<v8::String> v8::String::NewFromOneByte(v8::Isolate*, const uint8_t*, v8::NewStringType, int)’
 2803 |       Isolate* isolate, const uint8_t* data, v8::NewStringType type,
      |                                              ~~~~~~~~~~~~~~~~~~^~~~
In file included from ../src/bufferutil.cc:15:
../../../../nan/nan.h: In function ‘v8::Local<T> NanNew(P, int) [with T = v8::String; P = const unsigned char*]’:
../../../../nan/nan.h:532:21: error: cannot convert ‘v8::String::NewStringType’ to ‘v8::NewStringType’
  532 |       , v8::String::kNormalString
      |         ~~~~~~~~~~~~^~~~~~~~~~~~~
      |                     |
      |                     v8::String::NewStringType
In file included from ../src/bufferutil.cc:7:
/home/heath/.cache/node-gyp/10.19.0/include/node/v8.h:2803:64: note:   initializing argument 3 of ‘static v8::MaybeLocal<v8::String> v8::String::NewFromOneByte(v8::Isolate*, const uint8_t*, v8::NewStringType, int)’
 2803 |       Isolate* isolate, const uint8_t* data, v8::NewStringType type,
      |                                              ~~~~~~~~~~~~~~~~~~^~~~
In file included from ../src/bufferutil.cc:15:
../../../../nan/nan.h: In function ‘v8::Local<T> NanNew(P) [with T = v8::String; P = unsigned char*]’:
../../../../nan/nan.h:538:55: error: no matching function for call to ‘v8::String::NewFromOneByte(v8::Isolate*&, uint8_t*&)’
  538 |     return v8::String::NewFromOneByte(nan_isolate, arg);
      |                                                       ^
In file included from ../src/bufferutil.cc:7:
/home/heath/.cache/node-gyp/10.19.0/include/node/v8.h:2802:51: note: candidate: ‘static v8::MaybeLocal<v8::String> v8::String::NewFromOneByte(v8::Isolate*, const uint8_t*, v8::NewStringType, int)’
 2802 |   static V8_WARN_UNUSED_RESULT MaybeLocal<String> NewFromOneByte(
      |                                                   ^~~~~~~~~~~~~~
/home/heath/.cache/node-gyp/10.19.0/include/node/v8.h:2802:51: note:   candidate expects 4 arguments, 2 provided
In file included from ../src/bufferutil.cc:15:
../../../../nan/nan.h: In function ‘v8::Local<T> NanNew(P) [with T = v8::String; P = const unsigned char*]’:
../../../../nan/nan.h:544:55: error: no matching function for call to ‘v8::String::NewFromOneByte(v8::Isolate*&, const uint8_t*&)’
  544 |     return v8::String::NewFromOneByte(nan_isolate, arg);
      |                                                       ^
In file included from ../src/bufferutil.cc:7:
/home/heath/.cache/node-gyp/10.19.0/include/node/v8.h:2802:51: note: candidate: ‘static v8::MaybeLocal<v8::String> v8::String::NewFromOneByte(v8::Isolate*, const uint8_t*, v8::NewStringType, int)’
 2802 |   static V8_WARN_UNUSED_RESULT MaybeLocal<String> NewFromOneByte(
      |                                                   ^~~~~~~~~~~~~~
/home/heath/.cache/node-gyp/10.19.0/include/node/v8.h:2802:51: note:   candidate expects 4 arguments, 2 provided
In file included from ../src/bufferutil.cc:15:
../../../../nan/nan.h: At global scope:
../../../../nan/nan.h:586:20: error: variable or field ‘NanAddGCEpilogueCallback’ declared void
  586 |       v8::Isolate::GCEpilogueCallback callback
      |                    ^~~~~~~~~~~~~~~~~~
../../../../nan/nan.h:586:20: error: ‘GCEpilogueCallback’ is not a member of ‘v8::Isolate’
../../../../nan/nan.h:587:18: error: expected primary-expression before ‘gc_type_filter’
  587 |     , v8::GCType gc_type_filter = v8::kGCTypeAll) {
      |                  ^~~~~~~~~~~~~~
../../../../nan/nan.h:592:20: error: variable or field ‘NanRemoveGCEpilogueCallback’ declared void
  592 |       v8::Isolate::GCEpilogueCallback callback) {
      |                    ^~~~~~~~~~~~~~~~~~
../../../../nan/nan.h:592:20: error: ‘GCEpilogueCallback’ is not a member of ‘v8::Isolate’
../../../../nan/nan.h:597:20: error: variable or field ‘NanAddGCPrologueCallback’ declared void
  597 |       v8::Isolate::GCPrologueCallback callback
      |                    ^~~~~~~~~~~~~~~~~~
../../../../nan/nan.h:597:20: error: ‘GCPrologueCallback’ is not a member of ‘v8::Isolate’
../../../../nan/nan.h:598:18: error: expected primary-expression before ‘gc_type_filter’
  598 |     , v8::GCType gc_type_filter = v8::kGCTypeAll) {
      |                  ^~~~~~~~~~~~~~
../../../../nan/nan.h:603:20: error: variable or field ‘NanRemoveGCPrologueCallback’ declared void
  603 |       v8::Isolate::GCPrologueCallback callback) {
      |                    ^~~~~~~~~~~~~~~~~~
../../../../nan/nan.h:603:20: error: ‘GCPrologueCallback’ is not a member of ‘v8::Isolate’
../../../../nan/nan.h:631:17: error: ‘WeakCallbackData’ in namespace ‘v8’ does not name a template type; did you mean ‘WeakCallbackType’?
  631 |       const v8::WeakCallbackData<T, _NanWeakCallbackInfo<T, P> >& data);
      |                 ^~~~~~~~~~~~~~~~
      |                 WeakCallbackType
../../../../nan/nan.h:631:33: error: expected ‘,’ or ‘...’ before ‘<’ token
  631 |       const v8::WeakCallbackData<T, _NanWeakCallbackInfo<T, P> >& data);
      |                                 ^
../../../../nan/nan.h:767:13: error: ‘node::smalloc’ has not been declared
  767 |     , node::smalloc::FreeCallback callback
      |             ^~~~~~~
../../../../nan/nan.h:767:35: error: expected ‘,’ or ‘...’ before ‘callback’
  767 |     , node::smalloc::FreeCallback callback
      |                                   ^~~~~~~~
../../../../nan/nan.h: In function ‘v8::Local<v8::Object> NanNewBufferHandle(char*, size_t, int)’:
../../../../nan/nan.h:770:57: error: ‘callback’ was not declared in this scope; did you mean ‘calloc’?
  770 |     return node::Buffer::New(nan_isolate, data, length, callback, hint);
      |                                                         ^~~~~~~~
      |                                                         calloc
../../../../nan/nan.h:770:67: error: ‘hint’ was not declared in this scope; did you mean ‘uint’?
  770 |     return node::Buffer::New(nan_isolate, data, length, callback, hint);
      |                                                                   ^~~~
      |                                                                   uint
../../../../nan/nan.h: In function ‘v8::Local<v8::Object> NanNewBufferHandle(const char*, uint32_t)’:
../../../../nan/nan.h:777:43: error: invalid conversion from ‘const char*’ to ‘char*’ [-fpermissive]
  777 |     return node::Buffer::New(nan_isolate, data, size);
      |                                           ^~~~
      |                                           |
      |                                           const char*
In file included from ../src/bufferutil.cc:9:
/home/heath/.cache/node-gyp/10.19.0/include/node/node_buffer.h:69:50: note:   initializing argument 2 of ‘v8::MaybeLocal<v8::Object> node::Buffer::New(v8::Isolate*, char*, size_t)’
   69 |                                            char* data,
      |                                            ~~~~~~^~~~
In file included from ../src/bufferutil.cc:15:
../../../../nan/nan.h:777:29: error: could not convert ‘node::Buffer::New(nan_isolate, ((char*)data), ((size_t)size))’ from ‘v8::MaybeLocal<v8::Object>’ to ‘v8::Local<v8::Object>’
  777 |     return node::Buffer::New(nan_isolate, data, size);
      |            ~~~~~~~~~~~~~~~~~^~~~~~~~~~~~~~~~~~~~~~~~~
      |                             |
      |                             v8::MaybeLocal<v8::Object>
../../../../nan/nan.h: In function ‘v8::Local<v8::Object> NanNewBufferHandle(uint32_t)’:
../../../../nan/nan.h:781:29: error: could not convert ‘node::Buffer::New(nan_isolate, ((size_t)size))’ from ‘v8::MaybeLocal<v8::Object>’ to ‘v8::Local<v8::Object>’
  781 |     return node::Buffer::New(nan_isolate, size);
      |            ~~~~~~~~~~~~~~~~~^~~~~~~~~~~~~~~~~~~
      |                             |
      |                             v8::MaybeLocal<v8::Object>
../../../../nan/nan.h: In function ‘v8::Local<v8::Object> NanBufferUse(char*, uint32_t)’:
../../../../nan/nan.h:788:26: error: ‘Use’ is not a member of ‘node::Buffer’
  788 |     return node::Buffer::Use(nan_isolate, data, size);
      |                          ^~~
../../../../nan/nan.h: In function ‘v8::Local<v8::Script> NanCompileScript(v8::Local<v8::String>, const v8::ScriptOrigin&)’:
../../../../nan/nan.h:814:60: error: no matching function for call to ‘v8::ScriptCompiler::Compile(v8::Isolate*&, v8::ScriptCompiler::Source*)’
  814 |     return v8::ScriptCompiler::Compile(nan_isolate, &source);
      |                                                            ^
In file included from ../src/bufferutil.cc:7:
/home/heath/.cache/node-gyp/10.19.0/include/node/v8.h:1510:51: note: candidate: ‘static v8::MaybeLocal<v8::Script> v8::ScriptCompiler::Compile(v8::Local<v8::Context>, v8::ScriptCompiler::Source*, v8::ScriptCompiler::CompileOptions, v8::ScriptCompiler::NoCacheReason)’
 1510 |   static V8_WARN_UNUSED_RESULT MaybeLocal<Script> Compile(
      |                                                   ^~~~~~~
/home/heath/.cache/node-gyp/10.19.0/include/node/v8.h:1511:22: note:   no known conversion for argument 1 from ‘v8::Isolate*’ to ‘v8::Local<v8::Context>’
 1511 |       Local<Context> context, Source* source,
      |       ~~~~~~~~~~~~~~~^~~~~~~
/home/heath/.cache/node-gyp/10.19.0/include/node/v8.h:1537:51: note: candidate: ‘static v8::MaybeLocal<v8::Script> v8::ScriptCompiler::Compile(v8::Local<v8::Context>, v8::ScriptCompiler::StreamedSource*, v8::Local<v8::String>, const v8::ScriptOrigin&)’
 1537 |   static V8_WARN_UNUSED_RESULT MaybeLocal<Script> Compile(
      |                                                   ^~~~~~~
/home/heath/.cache/node-gyp/10.19.0/include/node/v8.h:1537:51: note:   candidate expects 4 arguments, 2 provided
In file included from ../src/bufferutil.cc:15:
../../../../nan/nan.h: In function ‘v8::Local<v8::Script> NanCompileScript(v8::Local<v8::String>)’:
../../../../nan/nan.h:821:60: error: no matching function for call to ‘v8::ScriptCompiler::Compile(v8::Isolate*&, v8::ScriptCompiler::Source*)’
  821 |     return v8::ScriptCompiler::Compile(nan_isolate, &source);
      |                                                            ^
In file included from ../src/bufferutil.cc:7:
/home/heath/.cache/node-gyp/10.19.0/include/node/v8.h:1510:51: note: candidate: ‘static v8::MaybeLocal<v8::Script> v8::ScriptCompiler::Compile(v8::Local<v8::Context>, v8::ScriptCompiler::Source*, v8::ScriptCompiler::CompileOptions, v8::ScriptCompiler::NoCacheReason)’
 1510 |   static V8_WARN_UNUSED_RESULT MaybeLocal<Script> Compile(
      |                                                   ^~~~~~~
/home/heath/.cache/node-gyp/10.19.0/include/node/v8.h:1511:22: note:   no known conversion for argument 1 from ‘v8::Isolate*’ to ‘v8::Local<v8::Context>’
 1511 |       Local<Context> context, Source* source,
      |       ~~~~~~~~~~~~~~~^~~~~~~
/home/heath/.cache/node-gyp/10.19.0/include/node/v8.h:1537:51: note: candidate: ‘static v8::MaybeLocal<v8::Script> v8::ScriptCompiler::Compile(v8::Local<v8::Context>, v8::ScriptCompiler::StreamedSource*, v8::Local<v8::String>, const v8::ScriptOrigin&)’
 1537 |   static V8_WARN_UNUSED_RESULT MaybeLocal<Script> Compile(
      |                                                   ^~~~~~~
/home/heath/.cache/node-gyp/10.19.0/include/node/v8.h:1537:51: note:   candidate expects 4 arguments, 2 provided
In file included from ../src/bufferutil.cc:15:
../../../../nan/nan.h: In function ‘v8::Local<v8::Value> NanRunScript(v8::Local<v8::UnboundScript>)’:
../../../../nan/nan.h:827:48: warning: ‘v8::Local<v8::Value> v8::Script::Run()’ is deprecated: Use maybe version [-Wdeprecated-declarations]
  827 |     return script->BindToCurrentContext()->Run();
      |                                                ^
In file included from /home/heath/.cache/node-gyp/10.19.0/include/node/v8.h:26,
                 from ../src/bufferutil.cc:7:
/home/heath/.cache/node-gyp/10.19.0/include/node/v8.h:1271:51: note: declared here
 1271 |   V8_DEPRECATED("Use maybe version", Local<Value> Run());
      |                                                   ^~~
/home/heath/.cache/node-gyp/10.19.0/include/node/v8config.h:324:3: note: in definition of macro ‘V8_DEPRECATED’
  324 |   declarator __attribute__((deprecated(message)))
      |   ^~~~~~~~~~
In file included from ../src/bufferutil.cc:15:
../../../../nan/nan.h: In function ‘v8::Local<v8::Value> NanRunScript(v8::Local<v8::Script>)’:
../../../../nan/nan.h:833:24: warning: ‘v8::Local<v8::Value> v8::Script::Run()’ is deprecated: Use maybe version [-Wdeprecated-declarations]
  833 |     return script->Run();
      |                        ^
In file included from /home/heath/.cache/node-gyp/10.19.0/include/node/v8.h:26,
                 from ../src/bufferutil.cc:7:
/home/heath/.cache/node-gyp/10.19.0/include/node/v8.h:1271:51: note: declared here
 1271 |   V8_DEPRECATED("Use maybe version", Local<Value> Run());
      |                                                   ^~~
/home/heath/.cache/node-gyp/10.19.0/include/node/v8config.h:324:3: note: in definition of macro ‘V8_DEPRECATED’
  324 |   declarator __attribute__((deprecated(message)))
      |   ^~~~~~~~~~
In file included from ../src/bufferutil.cc:15:
../../../../nan/nan.h: In member function ‘void NanCallback::Call(int, v8::Handle<v8::Value>*)’:
../../../../nan/nan.h:1476:5: warning: ‘v8::Local<v8::Value> node::MakeCallback(v8::Isolate*, v8::Local<v8::Object>, v8::Local<v8::Function>, int, v8::Local<v8::Value>*)’ is deprecated: Use MakeCallback(..., async_context) [-Wdeprecated-declarations]
 1476 |     );
      |     ^
In file included from ../src/bufferutil.cc:8:
/home/heath/.cache/node-gyp/10.19.0/include/node/node.h:177:50: note: declared here
  177 |                 NODE_EXTERN v8::Local<v8::Value> MakeCallback(
      |                                                  ^~~~~~~~~~~~
/home/heath/.cache/node-gyp/10.19.0/include/node/node.h:91:42: note: in definition of macro ‘NODE_DEPRECATED’
   91 |     __attribute__((deprecated(message))) declarator
      |                                          ^~~~~~~~~~
In file included from ../src/bufferutil.cc:15:
../../../../nan/nan.h:1476:5: warning: ‘v8::Local<v8::Value> node::MakeCallback(v8::Isolate*, v8::Local<v8::Object>, v8::Local<v8::Function>, int, v8::Local<v8::Value>*)’ is deprecated: Use MakeCallback(..., async_context) [-Wdeprecated-declarations]
 1476 |     );
      |     ^
In file included from ../src/bufferutil.cc:8:
/home/heath/.cache/node-gyp/10.19.0/include/node/node.h:177:50: note: declared here
  177 |                 NODE_EXTERN v8::Local<v8::Value> MakeCallback(
      |                                                  ^~~~~~~~~~~~
/home/heath/.cache/node-gyp/10.19.0/include/node/node.h:91:42: note: in definition of macro ‘NODE_DEPRECATED’
   91 |     __attribute__((deprecated(message))) declarator
      |                                          ^~~~~~~~~~
In file included from ../src/bufferutil.cc:15:
../../../../nan/nan.h: In function ‘void NanAsyncQueueWorker(NanAsyncWorker*)’:
../../../../nan/nan.h:1582:25: warning: cast between incompatible function types from ‘void (*)(uv_work_t*)’ {aka ‘void (*)(uv_work_s*)’} to ‘uv_after_work_cb’ {aka ‘void (*)(uv_work_s*, int)’} [-Wcast-function-type]
 1582 |     , (uv_after_work_cb)NanAsyncExecuteComplete
      |                         ^~~~~~~~~~~~~~~~~~~~~~~
../../../../nan/nan.h: In function ‘bool _NanGetExternalParts(v8::Handle<v8::Value>, const char**, size_t*)’:
../../../../nan/nan.h:1728:12: error: ‘class v8::String’ has no member named ‘IsExternalAscii’; did you mean ‘IsExternal’?
 1728 |   if (str->IsExternalAscii()) {
      |            ^~~~~~~~~~~~~~~
      |            IsExternal
../../../../nan/nan.h:1729:23: error: ‘ExternalAsciiStringResource’ in ‘class v8::String’ does not name a type
 1729 |     const v8::String::ExternalAsciiStringResource* ext;
      |                       ^~~~~~~~~~~~~~~~~~~~~~~~~~~
../../../../nan/nan.h:1730:5: error: ‘ext’ was not declared in this scope; did you mean ‘exit’?
 1730 |     ext = str->GetExternalAsciiStringResource();
      |     ^~~
      |     exit
../../../../nan/nan.h:1730:16: error: ‘class v8::String’ has no member named ‘GetExternalAsciiStringResource’; did you mean ‘GetExternalStringResource’?
 1730 |     ext = str->GetExternalAsciiStringResource();
      |                ^~~~~~~~~~~~~~~~~~~~~~~~~~~~~~
      |                GetExternalStringResource
../../../../nan/nan.h: In function ‘void* NanRawString(v8::Handle<v8::Value>, Nan::Encoding, size_t*, void*, size_t, int)’:
../../../../nan/nan.h:1842:38: warning: ‘v8::String::Value::Value(v8::Local<v8::Value>)’ is deprecated: Use Isolate version [-Wdeprecated-declarations]
 1842 |         v8::String::Value value(toStr);
      |                                      ^
In file included from /home/heath/.cache/node-gyp/10.19.0/include/node/v8.h:26,
                 from ../src/bufferutil.cc:7:
/home/heath/.cache/node-gyp/10.19.0/include/node/v8.h:2916:51: note: declared here
 2916 |     V8_DEPRECATED("Use Isolate version", explicit Value(Local<v8::Value> obj));
      |                                                   ^~~~~
/home/heath/.cache/node-gyp/10.19.0/include/node/v8config.h:324:3: note: in definition of macro ‘V8_DEPRECATED’
  324 |   declarator __attribute__((deprecated(message)))
      |   ^~~~~~~~~~
In file included from ../src/bufferutil.cc:15:
../../../../nan/nan.h:1876:38: warning: ‘v8::String::Value::Value(v8::Local<v8::Value>)’ is deprecated: Use Isolate version [-Wdeprecated-declarations]
 1876 |         v8::String::Value value(toStr);
      |                                      ^
In file included from /home/heath/.cache/node-gyp/10.19.0/include/node/v8.h:26,
                 from ../src/bufferutil.cc:7:
/home/heath/.cache/node-gyp/10.19.0/include/node/v8.h:2916:51: note: declared here
 2916 |     V8_DEPRECATED("Use Isolate version", explicit Value(Local<v8::Value> obj));
      |                                                   ^~~~~
/home/heath/.cache/node-gyp/10.19.0/include/node/v8config.h:324:3: note: in definition of macro ‘V8_DEPRECATED’
  324 |   declarator __attribute__((deprecated(message)))
      |   ^~~~~~~~~~
../src/bufferutil.cc: In static member function ‘static void BufferUtil::Initialize(v8::Handle<v8::Object>)’:
../src/bufferutil.cc:29:52: error: call of overloaded ‘NODE_SET_METHOD(v8::Local<v8::FunctionTemplate>&, const char [7], void (&)(const v8::FunctionCallbackInfo<v8::Value>&))’ is ambiguous
   29 |     NODE_SET_METHOD(t, "unmask", BufferUtil::Unmask);
      |                                                    ^
In file included from ../src/bufferutil.cc:8:
/home/heath/.cache/node-gyp/10.19.0/include/node/node.h:372:13: note: candidate: ‘void node::NODE_SET_METHOD(v8::Local<v8::Template>, const char*, v8::FunctionCallback)’
  372 | inline void NODE_SET_METHOD(v8::Local<v8::Template> recv,
      |             ^~~~~~~~~~~~~~~
/home/heath/.cache/node-gyp/10.19.0/include/node/node.h:386:13: note: candidate: ‘void node::NODE_SET_METHOD(v8::Local<v8::Object>, const char*, v8::FunctionCallback)’
  386 | inline void NODE_SET_METHOD(v8::Local<v8::Object> recv,
      |             ^~~~~~~~~~~~~~~
../src/bufferutil.cc:30:48: error: call of overloaded ‘NODE_SET_METHOD(v8::Local<v8::FunctionTemplate>&, const char [5], void (&)(const v8::FunctionCallbackInfo<v8::Value>&))’ is ambiguous
   30 |     NODE_SET_METHOD(t, "mask", BufferUtil::Mask);
      |                                                ^
In file included from ../src/bufferutil.cc:8:
/home/heath/.cache/node-gyp/10.19.0/include/node/node.h:372:13: note: candidate: ‘void node::NODE_SET_METHOD(v8::Local<v8::Template>, const char*, v8::FunctionCallback)’
  372 | inline void NODE_SET_METHOD(v8::Local<v8::Template> recv,
      |             ^~~~~~~~~~~~~~~
/home/heath/.cache/node-gyp/10.19.0/include/node/node.h:386:13: note: candidate: ‘void node::NODE_SET_METHOD(v8::Local<v8::Object>, const char*, v8::FunctionCallback)’
  386 | inline void NODE_SET_METHOD(v8::Local<v8::Object> recv,
      |             ^~~~~~~~~~~~~~~
../src/bufferutil.cc:31:50: error: call of overloaded ‘NODE_SET_METHOD(v8::Local<v8::FunctionTemplate>&, const char [6], void (&)(const v8::FunctionCallbackInfo<v8::Value>&))’ is ambiguous
   31 |     NODE_SET_METHOD(t, "merge", BufferUtil::Merge);
      |                                                  ^
In file included from ../src/bufferutil.cc:8:
/home/heath/.cache/node-gyp/10.19.0/include/node/node.h:372:13: note: candidate: ‘void node::NODE_SET_METHOD(v8::Local<v8::Template>, const char*, v8::FunctionCallback)’
  372 | inline void NODE_SET_METHOD(v8::Local<v8::Template> recv,
      |             ^~~~~~~~~~~~~~~
/home/heath/.cache/node-gyp/10.19.0/include/node/node.h:386:13: note: candidate: ‘void node::NODE_SET_METHOD(v8::Local<v8::Object>, const char*, v8::FunctionCallback)’
  386 | inline void NODE_SET_METHOD(v8::Local<v8::Object> recv,
      |             ^~~~~~~~~~~~~~~
../src/bufferutil.cc: In static member function ‘static void BufferUtil::Merge(const v8::FunctionCallbackInfo<v8::Value>&)’:
../src/bufferutil.cc:48:49: warning: ‘v8::Local<v8::Object> v8::Value::ToObject() const’ is deprecated: Use maybe version [-Wdeprecated-declarations]
   48 |     Local<Object> bufferObj = args[0]->ToObject();
      |                                                 ^
In file included from ../src/bufferutil.cc:7:
/home/heath/.cache/node-gyp/10.19.0/include/node/v8.h:10046:15: note: declared here
10046 | Local<Object> Value::ToObject() const {
      |               ^~~~~
../src/bufferutil.cc:55:51: warning: ‘v8::Local<v8::Object> v8::Value::ToObject() const’ is deprecated: Use maybe version [-Wdeprecated-declarations]
   55 |       Local<Object> src = array->Get(i)->ToObject();
      |                                                   ^
In file included from ../src/bufferutil.cc:7:
/home/heath/.cache/node-gyp/10.19.0/include/node/v8.h:10046:15: note: declared here
10046 | Local<Object> Value::ToObject() const {
      |               ^~~~~
../src/bufferutil.cc: In static member function ‘static void BufferUtil::Unmask(const v8::FunctionCallbackInfo<v8::Value>&)’:
../src/bufferutil.cc:66:50: warning: ‘v8::Local<v8::Object> v8::Value::ToObject() const’ is deprecated: Use maybe version [-Wdeprecated-declarations]
   66 |     Local<Object> buffer_obj = args[0]->ToObject();
      |                                                  ^
In file included from ../src/bufferutil.cc:7:
/home/heath/.cache/node-gyp/10.19.0/include/node/v8.h:10046:15: note: declared here
10046 | Local<Object> Value::ToObject() const {
      |               ^~~~~
../src/bufferutil.cc:68:48: warning: ‘v8::Local<v8::Object> v8::Value::ToObject() const’ is deprecated: Use maybe version [-Wdeprecated-declarations]
   68 |     Local<Object> mask_obj = args[1]->ToObject();
      |                                                ^
In file included from ../src/bufferutil.cc:7:
/home/heath/.cache/node-gyp/10.19.0/include/node/v8.h:10046:15: note: declared here
10046 | Local<Object> Value::ToObject() const {
      |               ^~~~~
../src/bufferutil.cc: In static member function ‘static void BufferUtil::Mask(const v8::FunctionCallbackInfo<v8::Value>&)’:
../src/bufferutil.cc:87:50: warning: ‘v8::Local<v8::Object> v8::Value::ToObject() const’ is deprecated: Use maybe version [-Wdeprecated-declarations]
   87 |     Local<Object> buffer_obj = args[0]->ToObject();
      |                                                  ^
In file included from ../src/bufferutil.cc:7:
/home/heath/.cache/node-gyp/10.19.0/include/node/v8.h:10046:15: note: declared here
10046 | Local<Object> Value::ToObject() const {
      |               ^~~~~
../src/bufferutil.cc:88:48: warning: ‘v8::Local<v8::Object> v8::Value::ToObject() const’ is deprecated: Use maybe version [-Wdeprecated-declarations]
   88 |     Local<Object> mask_obj = args[1]->ToObject();
      |                                                ^
In file included from ../src/bufferutil.cc:7:
/home/heath/.cache/node-gyp/10.19.0/include/node/v8.h:10046:15: note: declared here
10046 | Local<Object> Value::ToObject() const {
      |               ^~~~~
../src/bufferutil.cc:90:50: warning: ‘v8::Local<v8::Object> v8::Value::ToObject() const’ is deprecated: Use maybe version [-Wdeprecated-declarations]
   90 |     Local<Object> output_obj = args[2]->ToObject();
      |                                                  ^
In file included from ../src/bufferutil.cc:7:
/home/heath/.cache/node-gyp/10.19.0/include/node/v8.h:10046:15: note: declared here
10046 | Local<Object> Value::ToObject() const {
      |               ^~~~~
../src/bufferutil.cc:91:51: warning: ‘int32_t v8::Value::Int32Value() const’ is deprecated: Use maybe version [-Wdeprecated-declarations]
   91 |     unsigned int dataOffset = args[3]->Int32Value();
      |                                                   ^
In file included from /home/heath/.cache/node-gyp/10.19.0/include/node/v8.h:26,
                 from ../src/bufferutil.cc:7:
/home/heath/.cache/node-gyp/10.19.0/include/node/v8.h:2478:46: note: declared here
 2478 |   V8_DEPRECATED("Use maybe version", int32_t Int32Value() const);
      |                                              ^~~~~~~~~~
/home/heath/.cache/node-gyp/10.19.0/include/node/v8config.h:324:3: note: in definition of macro ‘V8_DEPRECATED’
  324 |   declarator __attribute__((deprecated(message)))
      |   ^~~~~~~~~~
../src/bufferutil.cc:92:47: warning: ‘int32_t v8::Value::Int32Value() const’ is deprecated: Use maybe version [-Wdeprecated-declarations]
   92 |     unsigned int length = args[4]->Int32Value();
      |                                               ^
In file included from /home/heath/.cache/node-gyp/10.19.0/include/node/v8.h:26,
                 from ../src/bufferutil.cc:7:
/home/heath/.cache/node-gyp/10.19.0/include/node/v8.h:2478:46: note: declared here
 2478 |   V8_DEPRECATED("Use maybe version", int32_t Int32Value() const);
      |                                              ^~~~~~~~~~
/home/heath/.cache/node-gyp/10.19.0/include/node/v8config.h:324:3: note: in definition of macro ‘V8_DEPRECATED’
  324 |   declarator __attribute__((deprecated(message)))
      |   ^~~~~~~~~~
In file included from ../src/bufferutil.cc:8:
../src/bufferutil.cc: At global scope:
/home/heath/.cache/node-gyp/10.19.0/include/node/node.h:573:43: warning: cast between incompatible function types from ‘void (*)(v8::Handle<v8::Object>)’ {aka ‘void (*)(v8::Local<v8::Object>)’} to ‘node::addon_register_func’ {aka ‘void (*)(v8::Local<v8::Object>, v8::Local<v8::Value>, void*)’} [-Wcast-function-type]
  573 |       (node::addon_register_func) (regfunc),                          \
      |                                           ^
/home/heath/.cache/node-gyp/10.19.0/include/node/node.h:607:3: note: in expansion of macro ‘NODE_MODULE_X’
  607 |   NODE_MODULE_X(modname, regfunc, NULL, 0)  // NOLINT (readability/null_usage)
      |   ^~~~~~~~~~~~~
../src/bufferutil.cc:116:1: note: in expansion of macro ‘NODE_MODULE’
  116 | NODE_MODULE(bufferutil, init)
      | ^~~~~~~~~~~
In file included from ../src/bufferutil.cc:7:
/home/heath/.cache/node-gyp/10.19.0/include/node/v8.h: In instantiation of ‘void v8::PersistentBase<T>::SetWeak(P*, typename v8::WeakCallbackInfo<P>::Callback, v8::WeakCallbackType) [with P = node::ObjectWrap; T = v8::Object; typename v8::WeakCallbackInfo<P>::Callback = void (*)(const v8::WeakCallbackInfo<node::ObjectWrap>&)]’:
/home/heath/.cache/node-gyp/10.19.0/include/node/node_object_wrap.h:84:78:   required from here
/home/heath/.cache/node-gyp/10.19.0/include/node/v8.h:9502:16: warning: cast between incompatible function types from ‘v8::WeakCallbackInfo<node::ObjectWrap>::Callback’ {aka ‘void (*)(const v8::WeakCallbackInfo<node::ObjectWrap>&)’} to ‘Callback’ {aka ‘void (*)(const v8::WeakCallbackInfo<void>&)’} [-Wcast-function-type]
 9502 |                reinterpret_cast<Callback>(callback), type);
      |                ^~~~~~~~~~~~~~~~~~~~~~~~~~~~~~~~~~~~
make: *** [bufferutil.target.mk:105: Release/obj.target/bufferutil/src/bufferutil.o] Error 1
gyp ERR! build error 
gyp ERR! stack Error: `make` failed with exit code: 2
gyp ERR! stack     at ChildProcess.onExit (/usr/local/lib/node_modules/npm/node_modules/node-gyp/lib/build.js:194:23)
gyp ERR! stack     at ChildProcess.emit (events.js:198:13)
gyp ERR! stack     at Process.ChildProcess._handle.onexit (internal/child_process.js:248:12)
gyp ERR! System Linux 5.4.0-58-generic
gyp ERR! command "/usr/bin/node" "/usr/local/lib/node_modules/npm/node_modules/node-gyp/bin/node-gyp.js" "rebuild"
gyp ERR! cwd /home/heath/mineweb-new/node_modules/express-ws/node_modules/ws
gyp ERR! node -v v10.19.0
gyp ERR! node-gyp -v v5.1.0
gyp ERR! not ok 
